<?xml version="1.0" encoding="UTF-8"?>
<!-- Generated by org.testng.reporters.JUnitXMLReporter -->
<testsuite hostname="DESKTOP-VSFB74Q" ignored="0" name="Test" tests="1" failures="1" timestamp="24 May 2019 09:20:39 GMT" time="10.023" errors="0">
  <testcase name="testEasy" time="0.985" classname="example.NewTest">
    <failure type="java.lang.NullPointerException">
      <![CDATA[java.lang.NullPointerException
at org.openqa.selenium.remote.RemoteWebDriver.findElement(RemoteWebDriver.java:315)
at example.NewTest.testEasy(NewTest.java:18)
... Removed 25 stack frames]]>
    </failure>
  </testcase> <!-- testEasy -->
</testsuite> <!-- Test -->
