<?xml version="1.0" encoding="UTF-8"?>
<!-- Generated by org.testng.reporters.JUnitXMLReporter -->
<testsuite hostname="DESKTOP-VSFB74Q" ignored="0" name="Test" tests="1" failures="1" timestamp="24 May 2019 09:05:58 GMT" time="8.12" errors="0">
  <testcase name="testEasy" time="1.017" classname="example.NewTest">
    <failure type="java.lang.AssertionError" message="expected [true] but found [false]">
      <![CDATA[java.lang.AssertionError: expected [true] but found [false]
at example.NewTest.testEasy(NewTest.java:17)
... Removed 33 stack frames]]>
    </failure>
  </testcase> <!-- testEasy -->
</testsuite> <!-- Test -->
