-------------------------------------------------------------------------------
Test set: TestSuite
-------------------------------------------------------------------------------
Tests run: 1, Failures: 1, Errors: 0, Skipped: 0, Time elapsed: 9.162 s <<< FAILURE! - in TestSuite
testEasy(example.NewTest)  Time elapsed: 1.031 s  <<< FAILURE!
java.lang.AssertionError: expected [true] but found [false]
	at example.NewTest.testEasy(NewTest.java:17)

